<?xml version="1.0" encoding="UTF-8"?>
<!-- Generated by org.testng.reporters.JUnitXMLReporter -->
<testsuite ignored="0" hostname="DESKTOP-1TI28D7" failures="0" tests="8" name="EdgeTest" time="14.947" errors="0" timestamp="2024-02-23T15:15:06 IST">
  <testcase classname="TestNG_day2.Scenario2" name="launch" time="1.634"/>
  <testcase classname="TestNG_day2.Scenario2" name="login" time="0.645"/>
  <testcase classname="TestNG_day2.Scenario2" name="selectPriceLowToHigh" time="3.556"/>
  <testcase classname="TestNG_day2.Scenario2" name="addProductToCart" time="0.098"/>
  <testcase classname="TestNG_day2.Scenario2" name="goToShoppingCart" time="0.15"/>
  <testcase classname="TestNG_day2.Scenario2" name="continueCheckout" time="0.115"/>
  <testcase classname="TestNG_day2.Scenario2" name="enterInformationAndContinue" time="0.547"/>
  <testcase classname="TestNG_day2.Scenario2" name="clickOnFinish" time="0.117"/>
</testsuite> <!-- EdgeTest -->
